Arguments: 
  C:\Program Files\nodejs\node.exe C:\Users\kc\AppData\Roaming\npm\node_modules\yarn\bin\yarn.js start

PATH: 
  C:\Windows\system32;C:\Windows;C:\Windows\System32\Wbem;C:\Windows\System32\WindowsPowerShell\v1.0\;C:\Windows\System32\OpenSSH\;C:\Program Files\Git\cmd;C:\Program Files\nodejs\;C:\Users\kc\AppData\Local\Programs\Python\Python311\Scripts\;C:\Users\kc\AppData\Local\Programs\Python\Python311\;C:\Users\kc\AppData\Local\Microsoft\WindowsApps;;D:\Microsoft VS Code\bin;C:\Users\kc\AppData\Roaming\npm

Yarn version: 
  1.22.19

Node version: 
  16.10.0

Platform: 
  win32 x64

Trace: 
  SyntaxError: D:\reactDarslari\third\package.json: Unexpected string in JSON at position 48
      at JSON.parse (<anonymous>)
      at C:\Users\kc\AppData\Roaming\npm\node_modules\yarn\lib\cli.js:1629:59
      at Generator.next (<anonymous>)
      at step (C:\Users\kc\AppData\Roaming\npm\node_modules\yarn\lib\cli.js:310:30)
      at C:\Users\kc\AppData\Roaming\npm\node_modules\yarn\lib\cli.js:321:13

npm manifest: 
  {
    "dependencies": {
      "nvm": "^0.0.4"
    }
    "scripts": {
      "start": "some command to be run", // you need to add this line
      "test": "(eslint lib || true) && jest"
    }
  }

yarn manifest: 
  No manifest

Lockfile: 
  # THIS IS AN AUTOGENERATED FILE. DO NOT EDIT THIS FILE DIRECTLY.
  # yarn lockfile v1
  
  
  nvm@^0.0.4:
    version "0.0.4"
    resolved "https://registry.yarnpkg.com/nvm/-/nvm-0.0.4.tgz#38a178e9d31b283508c92d15c9da861d1a9210bc"
    integrity sha512-jvmyELykYcdyd0VCGY0E8Aqe5MngEasVvlPvrcJHbwBMUbVqa72mPdQuPzyTcykEtEx7jDrMY0QA5MoV+8EhgA==
